DEBUG:root:Order:2 3 10.0
DEBUG:root:Finish turn

DEBUG:root:Order:2 4 10.0
DEBUG:root:Finish turn

DEBUG:root:Order:2 19 15.0
DEBUG:root:Finish turn

DEBUG:root:Order:2 20 15.0
DEBUG:root:Order:2 4 32
DEBUG:root:Finish turn

DEBUG:root:Order:2 15 20.0
DEBUG:root:Bad order:4 3.0 8
DEBUG:root:Finish turn

DEBUG:root:Order:2 16 20.0
DEBUG:root:Order:4 0 26.0
DEBUG:root:Order:4 2 4
DEBUG:root:Finish turn

DEBUG:root:Order:2 4 1
DEBUG:root:Finish turn

DEBUG:root:Order:2 19 6
DEBUG:root:Order:4 19 2
DEBUG:root:Finish turn

DEBUG:root:Order:2 19 2
DEBUG:root:Order:2 4 2
DEBUG:root:Finish turn

DEBUG:root:Order:2 19 1
DEBUG:root:Order:4 19 1
DEBUG:root:Finish turn

DEBUG:root:Order:2 19 1
DEBUG:root:Order:2 4 2
DEBUG:root:Finish turn

DEBUG:root:Order:2 15 6
DEBUG:root:Order:4 15 5
DEBUG:root:Order:19 15 2
DEBUG:root:Finish turn

DEBUG:root:Order:2 15 1
DEBUG:root:Order:2 19 1
DEBUG:root:Order:2 4 2
DEBUG:root:Finish turn

DEBUG:root:Order:2 19 1
DEBUG:root:Order:4 19 1
DEBUG:root:Finish turn

DEBUG:root:Order:2 19 1
DEBUG:root:Order:2 4 2
DEBUG:root:Finish turn

DEBUG:root:Order:2 19 1
DEBUG:root:Finish turn

DEBUG:root:Order:2 19 2
DEBUG:root:Finish turn

DEBUG:root:Order:2 19 3
DEBUG:root:Order:2 4 1
DEBUG:root:Finish turn

DEBUG:root:Order:2 0 8
DEBUG:root:Order:15 0 8
DEBUG:root:Order:4 0 6
DEBUG:root:Order:19 0 5
DEBUG:root:Finish turn

DEBUG:root:Order:2 0 1
DEBUG:root:Order:2 19 1
DEBUG:root:Order:2 4 2
DEBUG:root:Finish turn

DEBUG:root:Order:2 0 4
DEBUG:root:Order:4 0 4
DEBUG:root:Order:15 0 4
DEBUG:root:Order:19 0 1
DEBUG:root:Finish turn

DEBUG:root:Order:2 0 3
DEBUG:root:Order:2 19 3
DEBUG:root:Order:15 19 1
DEBUG:root:Finish turn

DEBUG:root:Order:19 0 1
DEBUG:root:Finish turn

DEBUG:root:Order:2 0 2
DEBUG:root:Order:2 4 2
DEBUG:root:Order:15 4 1
DEBUG:root:Finish turn

DEBUG:root:Order:4 0 2
DEBUG:root:Order:4 19 2
DEBUG:root:Finish turn

DEBUG:root:Order:15 9 40.0
DEBUG:root:Order:2 10 40.0
DEBUG:root:Bad order:0 8.0 14
DEBUG:root:Order:19 15 14
DEBUG:root:Order:4 15 8
DEBUG:root:Order:4 2 13
DEBUG:root:Finish turn

DEBUG:root:Order:0 4 7
DEBUG:root:Bad order:0 2.0 4
DEBUG:root:Bad order:0 2.0 13
DEBUG:root:Finish turn

DEBUG:root:Order:0 2 2
DEBUG:root:Bad order:0 1.0 2
DEBUG:root:Order:0 4 1
DEBUG:root:Finish turn

DEBUG:root:Order:2 19 2
DEBUG:root:Order:15 19 1
DEBUG:root:Order:15 4 1
DEBUG:root:Finish turn

DEBUG:root:Order:2 16 8
DEBUG:root:Order:4 16 5
DEBUG:root:Order:15 16 5
DEBUG:root:Order:0 16 4
DEBUG:root:Order:19 16 3
DEBUG:root:Finish turn

DEBUG:root:Order:2 16 6
DEBUG:root:Order:15 16 4
DEBUG:root:Order:4 16 3
DEBUG:root:Order:0 16 2
DEBUG:root:Order:19 16 2
DEBUG:root:Finish turn

DEBUG:root:Order:2 0 1
DEBUG:root:Order:2 19 1
DEBUG:root:Order:2 4 2
DEBUG:root:Finish turn

DEBUG:root:Order:2 0 1
DEBUG:root:Order:4 0 1
DEBUG:root:Order:4 19 1
DEBUG:root:Order:15 19 1
DEBUG:root:Finish turn

DEBUG:root:Order:2 0 1
DEBUG:root:Order:2 4 1
DEBUG:root:Order:2 19 1
DEBUG:root:Finish turn

DEBUG:root:Order:2 0 9
DEBUG:root:Order:15 0 8
DEBUG:root:Order:4 0 6
DEBUG:root:Order:19 0 5
DEBUG:root:Finish turn

DEBUG:root:Order:2 0 2
DEBUG:root:Order:2 19 1
DEBUG:root:Order:2 4 2
DEBUG:root:Finish turn

DEBUG:root:Order:4 0 1
DEBUG:root:Order:4 19 1
DEBUG:root:Finish turn

DEBUG:root:Order:2 0 2
DEBUG:root:Order:2 19 2
DEBUG:root:Order:2 4 1
DEBUG:root:Finish turn

DEBUG:root:Order:15 0 1
DEBUG:root:Order:15 19 1
DEBUG:root:Order:15 4 2
DEBUG:root:Finish turn

DEBUG:root:Order:2 0 1
DEBUG:root:Order:2 19 1
DEBUG:root:Order:2 15 3
DEBUG:root:Order:4 15 1
DEBUG:root:Finish turn

DEBUG:root:Order:15 19 21
DEBUG:root:Order:2 19 18
DEBUG:root:Order:4 19 5
DEBUG:root:Order:4 9 17
DEBUG:root:Order:0 9 10
DEBUG:root:Finish turn

DEBUG:root:Order:0 9 11
DEBUG:root:Order:2 9 10
DEBUG:root:Order:15 9 8
DEBUG:root:Order:19 9 5
DEBUG:root:Order:4 9 2
DEBUG:root:Finish turn

DEBUG:root:Order:2 9 2
DEBUG:root:Order:2 0 1
DEBUG:root:Order:2 19 1
DEBUG:root:Finish turn

DEBUG:root:Order:2 0 1
DEBUG:root:Order:2 19 1
DEBUG:root:Order:2 4 1
DEBUG:root:Order:15 4 1
DEBUG:root:Finish turn

DEBUG:root:Order:19 5 46.0
DEBUG:root:Order:2 4 20
DEBUG:root:Order:15 4 20
DEBUG:root:Order:9 4 6
DEBUG:root:Bad order:9 3.0 18
DEBUG:root:Order:0 19 17
DEBUG:root:Finish turn

DEBUG:root:Bad order:9 5.0 11
DEBUG:root:Order:2 19 2
DEBUG:root:Finish turn

DEBUG:root:Order:4 11 54.0
DEBUG:root:Bad order:9 7.0 21
DEBUG:root:Order:2 4 13
DEBUG:root:Order:15 4 11
DEBUG:root:Finish turn

DEBUG:root:Bad order:9 9.0 21
DEBUG:root:Order:9 19 3
DEBUG:root:Finish turn

DEBUG:root:Bad order:9 8.0 17
DEBUG:root:Order:2 4 5
DEBUG:root:Order:15 4 1
DEBUG:root:Finish turn

DEBUG:root:Order:9 4 17
DEBUG:root:Order:9 19 4
DEBUG:root:Order:9 0 3
DEBUG:root:Finish turn

DEBUG:root:Order:2 0 9
DEBUG:root:Order:10 0 5
DEBUG:root:Order:10 11 6
DEBUG:root:Order:15 11 5
DEBUG:root:Order:15 9 3
DEBUG:root:Finish turn

DEBUG:root:Order:2 10 3
DEBUG:root:Order:4 10 1
DEBUG:root:Order:4 0 1
DEBUG:root:Order:4 15 1
DEBUG:root:Order:4 9 3
DEBUG:root:Order:11 9 1
DEBUG:root:Order:19 9 1
DEBUG:root:Finish turn

DEBUG:root:Order:9 5 5
DEBUG:root:Order:2 5 4
DEBUG:root:Order:11 5 3
DEBUG:root:Order:15 5 1
DEBUG:root:Finish turn

DEBUG:root:Order:2 0 2
DEBUG:root:Order:2 4 2
DEBUG:root:Order:2 19 1
DEBUG:root:Order:2 9 2
DEBUG:root:Order:11 9 1
DEBUG:root:Finish turn

DEBUG:root:Order:4 14 62.0
DEBUG:root:Order:19 8 64.0
DEBUG:root:Bad order:5 11.0 17
DEBUG:root:Order:9 19 16
DEBUG:root:Bad order:11 12.0 16
DEBUG:root:Order:15 19 15
DEBUG:root:Order:10 19 13
DEBUG:root:Order:0 19 8
DEBUG:root:Bad order:0 6.0 12
DEBUG:root:Order:2 4 12
DEBUG:root:Finish turn

DEBUG:root:Bad order:5 16.0 19
DEBUG:root:Order:11 4 17
DEBUG:root:Order:0 4 2
DEBUG:root:Order:2 4 2
DEBUG:root:Finish turn

DEBUG:root:Bad order:5 21.0 24
DEBUG:root:Order:2 10 5
DEBUG:root:Order:11 10 4
DEBUG:root:Order:15 10 3
DEBUG:root:Order:0 10 1
DEBUG:root:Order:9 10 1
DEBUG:root:Finish turn

DEBUG:root:Order:5 4 15
DEBUG:root:Order:5 10 13
DEBUG:root:Order:5 19 2
DEBUG:root:Bad order:5 0.0 1
DEBUG:root:Bad order:5 0.0 26
DEBUG:root:Order:2 9 2
DEBUG:root:Order:11 9 1
DEBUG:root:Finish turn

DEBUG:root:Order:2 0 3
DEBUG:root:Order:2 19 2
DEBUG:root:Order:2 4 1
DEBUG:root:Order:2 5 1
DEBUG:root:Order:2 10 1
DEBUG:root:Finish turn

DEBUG:root:Order:11 2 3
DEBUG:root:Order:11 19 2
DEBUG:root:Order:11 4 1
DEBUG:root:Order:11 10 1
DEBUG:root:Finish turn

DEBUG:root:Order:5 11 3
DEBUG:root:Order:5 19 2
DEBUG:root:Order:5 4 1
DEBUG:root:Order:5 10 1
DEBUG:root:Finish turn

DEBUG:root:Order:4 17 69.0
DEBUG:root:Order:2 4 15
DEBUG:root:Order:11 4 12
DEBUG:root:Order:15 4 12
DEBUG:root:Order:5 4 10
DEBUG:root:Order:9 4 9
DEBUG:root:Bad order:9 3.0 10
DEBUG:root:Order:10 8 10
DEBUG:root:Finish turn

DEBUG:root:Order:2 8 2
DEBUG:root:Order:5 8 1
DEBUG:root:Order:5 4 1
DEBUG:root:Order:5 10 2
DEBUG:root:Order:11 10 1
DEBUG:root:Finish turn

DEBUG:root:Order:2 8 5
DEBUG:root:Order:10 8 4
DEBUG:root:Order:11 8 4
DEBUG:root:Order:5 8 3
DEBUG:root:Order:15 8 3
DEBUG:root:Order:9 8 2
DEBUG:root:Finish turn

DEBUG:root:Order:2 14 5
DEBUG:root:Order:5 14 5
DEBUG:root:Order:11 14 4
DEBUG:root:Order:15 14 1
DEBUG:root:Order:15 0 3
DEBUG:root:Order:9 0 2
DEBUG:root:Order:9 8 1
DEBUG:root:Finish turn

DEBUG:root:Order:2 0 1
DEBUG:root:Order:2 8 1
DEBUG:root:Order:2 9 1
DEBUG:root:Order:2 15 2
DEBUG:root:Order:5 15 2
DEBUG:root:Order:10 15 1
DEBUG:root:Order:11 15 1
DEBUG:root:Order:14 15 1
DEBUG:root:Finish turn

DEBUG:root:Order:15 19 9
DEBUG:root:Order:5 19 5
DEBUG:root:Order:11 19 4
DEBUG:root:Order:14 19 4
DEBUG:root:Order:2 19 2
DEBUG:root:Order:9 19 1
DEBUG:root:Finish turn

DEBUG:root:Order:2 0 4
DEBUG:root:Order:5 0 4
DEBUG:root:Order:11 0 3
DEBUG:root:Order:14 0 3
DEBUG:root:Order:15 0 2
DEBUG:root:Order:9 0 1
DEBUG:root:Finish turn

DEBUG:root:Order:2 0 2
DEBUG:root:Order:5 0 2
DEBUG:root:Order:11 0 1
DEBUG:root:Order:11 19 1
DEBUG:root:Order:14 19 1
DEBUG:root:Finish turn

DEBUG:root:Order:2 19 3
DEBUG:root:Order:5 19 1
DEBUG:root:Order:5 8 3
DEBUG:root:Order:5 0 2
DEBUG:root:Order:5 9 1
DEBUG:root:Finish turn

DEBUG:root:Order:14 4 5
DEBUG:root:Order:2 4 4
DEBUG:root:Order:11 4 4
DEBUG:root:Order:15 4 3
DEBUG:root:Order:9 4 1
DEBUG:root:Finish turn

DEBUG:root:Order:2 4 7
DEBUG:root:Order:5 4 7
DEBUG:root:Order:11 4 6
DEBUG:root:Order:14 4 6
DEBUG:root:Order:15 4 5
DEBUG:root:Order:9 4 4
DEBUG:root:Order:0 4 3
DEBUG:root:Order:8 4 3
DEBUG:root:Order:19 4 3
DEBUG:root:Finish turn

DEBUG:root:Order:2 17 6
DEBUG:root:Order:5 17 6
DEBUG:root:Order:11 17 5
DEBUG:root:Order:14 17 5
DEBUG:root:Order:15 17 4
DEBUG:root:Order:9 17 3
DEBUG:root:Order:0 17 2
DEBUG:root:Order:8 17 2
DEBUG:root:Order:19 17 1
DEBUG:root:Order:19 4 2
DEBUG:root:Finish turn

DEBUG:root:Order:2 19 2
DEBUG:root:Order:2 0 1
DEBUG:root:Order:2 4 1
DEBUG:root:Order:2 8 1
DEBUG:root:Order:2 9 2
DEBUG:root:Order:5 9 2
DEBUG:root:Order:11 9 1
DEBUG:root:Order:14 9 1
DEBUG:root:Order:17 9 1
DEBUG:root:Finish turn

DEBUG:root:Order:9 0 2
DEBUG:root:Order:9 2 2
DEBUG:root:Order:9 8 2
DEBUG:root:Order:9 19 2
DEBUG:root:Order:9 4 1
DEBUG:root:Finish turn

DEBUG:root:Order:5 9 4
DEBUG:root:Order:5 0 2
DEBUG:root:Order:5 8 2
DEBUG:root:Order:5 19 2
DEBUG:root:Order:5 4 1
DEBUG:root:Finish turn

DEBUG:root:Bad order:17 9.0 12
DEBUG:root:Order:2 9 9
DEBUG:root:Order:11 9 9
DEBUG:root:Order:14 9 9
DEBUG:root:Order:15 9 6
DEBUG:root:Order:4 9 4
DEBUG:root:Order:0 9 3
DEBUG:root:Order:8 9 3
DEBUG:root:Order:19 9 3
DEBUG:root:Order:5 9 1
DEBUG:root:Finish turn

DEBUG:root:Order:2 9 5
DEBUG:root:Order:5 9 5
DEBUG:root:Order:11 9 4
DEBUG:root:Order:14 9 4
DEBUG:root:Order:14 17 4
DEBUG:root:Order:15 17 3
DEBUG:root:Order:4 17 1
DEBUG:root:Finish turn

DEBUG:root:Order:2 14 2
DEBUG:root:Order:5 14 1
DEBUG:root:Order:5 0 1
DEBUG:root:Order:5 8 1
DEBUG:root:Order:5 9 1
DEBUG:root:Order:5 19 1
DEBUG:root:Finish turn

DEBUG:root:Bad order:17 4.0 5
DEBUG:root:Order:2 0 3
DEBUG:root:Order:11 0 3
DEBUG:root:Order:14 0 2
DEBUG:root:Order:15 0 1
DEBUG:root:Finish turn

DEBUG:root:Order:2 17 10
DEBUG:root:Order:5 17 10
DEBUG:root:Order:11 17 9
DEBUG:root:Order:14 17 9
DEBUG:root:Order:15 17 8
DEBUG:root:Order:4 17 7
DEBUG:root:Order:9 17 7
DEBUG:root:Order:8 17 5
DEBUG:root:Order:8 0 5
DEBUG:root:Finish turn

DEBUG:root:Order:19 8 3
DEBUG:root:Order:2 8 2
DEBUG:root:Order:5 8 2
DEBUG:root:Order:5 0 2
DEBUG:root:Order:5 4 1
DEBUG:root:Order:5 9 1
DEBUG:root:Finish turn

DEBUG:root:Order:17 14 11
DEBUG:root:Order:2 14 9
DEBUG:root:Order:11 14 9
DEBUG:root:Order:15 14 7
DEBUG:root:Order:4 14 6
DEBUG:root:Order:9 14 6
DEBUG:root:Order:0 14 5
DEBUG:root:Order:5 14 5
DEBUG:root:Order:8 14 5
DEBUG:root:Order:19 14 5
DEBUG:root:Finish turn

DEBUG:root:Order:2 8 6
DEBUG:root:Order:5 8 6
DEBUG:root:Order:17 8 6
DEBUG:root:Order:11 8 5
DEBUG:root:Order:15 8 3
DEBUG:root:Order:15 10 4
DEBUG:root:Order:4 10 3
DEBUG:root:Order:9 10 3
DEBUG:root:Order:0 10 2
DEBUG:root:Order:19 10 2
DEBUG:root:Finish turn

DEBUG:root:Order:2 10 5
DEBUG:root:Order:5 10 5
DEBUG:root:Order:17 10 5
DEBUG:root:Order:11 10 4
DEBUG:root:Order:4 10 2
DEBUG:root:Order:9 10 2
DEBUG:root:Order:0 10 1
DEBUG:root:Order:19 10 1
DEBUG:root:Finish turn

DEBUG:root:Order:2 10 2
DEBUG:root:Order:5 10 2
DEBUG:root:Order:17 10 2
DEBUG:root:Order:17 0 1
DEBUG:root:Order:17 8 1
DEBUG:root:Order:17 19 1
DEBUG:root:Order:17 4 2
DEBUG:root:Order:11 4 1
DEBUG:root:Finish turn

DEBUG:root:Order:2 15 10
DEBUG:root:Order:5 15 10
DEBUG:root:Order:4 15 9
DEBUG:root:Order:11 15 9
DEBUG:root:Order:14 15 9
DEBUG:root:Order:9 15 6
DEBUG:root:Order:10 15 6
DEBUG:root:Order:0 15 5
DEBUG:root:Order:8 15 5
DEBUG:root:Order:17 15 5
DEBUG:root:Order:19 15 5
DEBUG:root:Finish turn

DEBUG:root:Order:2 15 2
DEBUG:root:Order:5 15 2
DEBUG:root:Order:17 15 2
DEBUG:root:Order:11 15 1
DEBUG:root:Order:14 15 1
DEBUG:root:Finish turn

DEBUG:root:Order:2 0 3
DEBUG:root:Order:2 8 3
DEBUG:root:Order:2 19 3
DEBUG:root:Order:2 4 1
DEBUG:root:Order:2 9 1
DEBUG:root:Order:2 10 1
DEBUG:root:Order:2 15 1
DEBUG:root:Finish turn

DEBUG:root:Order:5 2 5
DEBUG:root:Order:17 2 2
DEBUG:root:Order:17 0 1
DEBUG:root:Order:17 8 1
DEBUG:root:Order:17 19 1
DEBUG:root:Order:17 4 5
DEBUG:root:Order:11 4 3
DEBUG:root:Order:14 4 3
DEBUG:root:Finish turn

DEBUG:root:Order:4 0 2
DEBUG:root:Order:4 8 2
DEBUG:root:Order:4 17 2
DEBUG:root:Order:4 19 2
DEBUG:root:Order:4 9 1
DEBUG:root:Order:4 10 1
DEBUG:root:Finish turn

DEBUG:root:Order:5 0 7
DEBUG:root:Order:2 0 6
DEBUG:root:Order:11 0 5
DEBUG:root:Order:14 0 5
DEBUG:root:Order:17 0 4
DEBUG:root:Order:15 0 3
DEBUG:root:Order:4 0 1
DEBUG:root:Order:9 0 1
DEBUG:root:Order:10 0 1
DEBUG:root:Finish turn

DEBUG:root:Order:2 19 5
DEBUG:root:Order:5 19 5
DEBUG:root:Order:17 19 5
DEBUG:root:Order:11 19 4
DEBUG:root:Order:14 19 4
DEBUG:root:Order:15 19 3
DEBUG:root:Order:4 19 2
DEBUG:root:Order:9 19 2
DEBUG:root:Order:10 19 2
DEBUG:root:Order:8 19 1
DEBUG:root:Finish turn

DEBUG:root:Order:2 4 9
DEBUG:root:Order:5 4 9
DEBUG:root:Order:17 4 9
DEBUG:root:Order:11 4 8
DEBUG:root:Order:14 4 8
DEBUG:root:Order:15 4 7
DEBUG:root:Order:9 4 6
DEBUG:root:Order:10 4 6
DEBUG:root:Order:8 4 5
DEBUG:root:Order:0 4 1
DEBUG:root:Order:0 19 2
DEBUG:root:Finish turn

DEBUG:root:Order:2 8 4
DEBUG:root:Order:5 8 4
DEBUG:root:Order:17 8 4
DEBUG:root:Order:11 8 3
DEBUG:root:Order:14 8 3
DEBUG:root:Order:15 8 2
DEBUG:root:Order:4 8 1
DEBUG:root:Order:9 8 1
DEBUG:root:Finish turn

DEBUG:root:Order:2 8 2
DEBUG:root:Order:5 8 2
DEBUG:root:Order:17 8 2
DEBUG:root:Order:11 8 1
DEBUG:root:Order:14 8 1
DEBUG:root:Finish turn

DEBUG:root:Order:2 14 10
DEBUG:root:Order:5 14 10
DEBUG:root:Order:17 14 10
DEBUG:root:Order:11 14 9
DEBUG:root:Order:15 14 8
DEBUG:root:Order:4 14 6
DEBUG:root:Order:9 14 6
DEBUG:root:Order:0 14 4
DEBUG:root:Order:8 14 4
DEBUG:root:Order:19 14 4
DEBUG:root:Finish turn

DEBUG:root:Order:2 14 2
DEBUG:root:Order:5 14 2
DEBUG:root:Order:17 14 2
DEBUG:root:Order:11 14 1
DEBUG:root:Order:11 0 1
DEBUG:root:Order:11 8 1
DEBUG:root:Order:11 19 1
DEBUG:root:Order:11 4 1
DEBUG:root:Finish turn

DEBUG:root:Order:2 0 2
DEBUG:root:Order:2 8 2
DEBUG:root:Order:2 11 2
DEBUG:root:Order:2 19 2
DEBUG:root:Order:2 9 1
DEBUG:root:Order:2 4 2
DEBUG:root:Order:5 4 2
DEBUG:root:Order:17 4 2
DEBUG:root:Finish turn

DEBUG:root:Order:4 2 4
DEBUG:root:Order:5 2 2
DEBUG:root:Order:5 0 2
DEBUG:root:Order:5 8 2
DEBUG:root:Order:5 19 2
DEBUG:root:Order:5 9 1
DEBUG:root:Finish turn

DEBUG:root:Order:17 5 4
DEBUG:root:Order:17 0 2
DEBUG:root:Order:17 8 2
DEBUG:root:Order:17 19 2
DEBUG:root:Order:17 9 1
DEBUG:root:Order:17 4 4
DEBUG:root:Order:14 4 2
DEBUG:root:Order:2 4 1
DEBUG:root:Order:11 4 1
DEBUG:root:Finish turn

DEBUG:root:Order:4 17 6
DEBUG:root:Order:2 17 2
DEBUG:root:Order:2 0 2
DEBUG:root:Order:2 8 2
DEBUG:root:Order:2 19 2
DEBUG:root:Order:2 9 1
DEBUG:root:Finish turn

DEBUG:root:Order:5 17 15
DEBUG:root:Order:11 17 14
DEBUG:root:Order:14 17 14
DEBUG:root:Order:15 17 12
DEBUG:root:Order:4 17 11
DEBUG:root:Order:9 17 10
DEBUG:root:Order:0 17 9
DEBUG:root:Order:8 17 9
DEBUG:root:Order:19 17 9
DEBUG:root:Order:2 17 7
DEBUG:root:Finish turn

DEBUG:root:Order:2 19 7
DEBUG:root:Order:5 19 7
DEBUG:root:Order:17 19 7
DEBUG:root:Order:11 19 6
DEBUG:root:Order:14 19 6
DEBUG:root:Order:15 19 5
DEBUG:root:Order:4 19 4
DEBUG:root:Order:9 19 4
DEBUG:root:Order:0 19 3
DEBUG:root:Order:8 19 3
DEBUG:root:Finish turn

DEBUG:root:Order:2 9 7
DEBUG:root:Order:5 9 7
DEBUG:root:Order:17 9 7
DEBUG:root:Order:11 9 6
DEBUG:root:Order:14 9 6
DEBUG:root:Order:15 9 5
DEBUG:root:Order:4 9 4
DEBUG:root:Order:0 9 3
DEBUG:root:Order:8 9 3
DEBUG:root:Order:19 9 2
DEBUG:root:Finish turn

DEBUG:root:Order:2 9 2
DEBUG:root:Order:5 9 2
DEBUG:root:Order:17 9 2
DEBUG:root:Order:11 9 1
DEBUG:root:Order:14 9 1
DEBUG:root:Finish turn

DEBUG:root:Order:2 0 5
DEBUG:root:Order:5 0 5
DEBUG:root:Order:17 0 5
DEBUG:root:Order:11 0 4
DEBUG:root:Order:14 0 4
DEBUG:root:Order:15 0 1
DEBUG:root:Order:15 8 3
DEBUG:root:Order:4 8 1
DEBUG:root:Finish turn

DEBUG:root:Order:2 8 4
DEBUG:root:Order:5 8 4
DEBUG:root:Order:17 8 4
DEBUG:root:Order:11 8 3
DEBUG:root:Order:14 8 3
DEBUG:root:Order:4 8 1
DEBUG:root:Order:15 8 1
DEBUG:root:Order:15 0 1
DEBUG:root:Finish turn

DEBUG:root:Order:2 8 2
DEBUG:root:Order:2 19 2
DEBUG:root:Order:2 0 1
DEBUG:root:Order:2 4 2
DEBUG:root:Order:5 4 2
DEBUG:root:Order:17 4 2
DEBUG:root:Order:11 4 1
DEBUG:root:Order:14 4 1
DEBUG:root:Finish turn

DEBUG:root:Order:4 0 8
DEBUG:root:Order:5 0 4
DEBUG:root:Order:17 0 4
DEBUG:root:Order:11 0 3
DEBUG:root:Order:14 0 1
DEBUG:root:Order:14 2 1
DEBUG:root:Order:14 8 1
DEBUG:root:Order:14 19 1
DEBUG:root:Finish turn

DEBUG:root:Order:2 0 2
DEBUG:root:Order:2 8 2
DEBUG:root:Order:2 19 2
DEBUG:root:Order:2 4 1
DEBUG:root:Order:2 9 1
DEBUG:root:Finish turn

DEBUG:root:Order:5 2 4
DEBUG:root:Order:5 0 2
DEBUG:root:Order:5 8 2
DEBUG:root:Order:5 19 2
DEBUG:root:Order:5 4 1
DEBUG:root:Order:5 9 1
DEBUG:root:Finish turn

DEBUG:root:Order:17 5 6
DEBUG:root:Order:17 0 2
DEBUG:root:Order:17 8 2
DEBUG:root:Order:17 19 2
DEBUG:root:Order:17 4 1
DEBUG:root:Order:17 9 1
DEBUG:root:Finish turn

DEBUG:root:Order:2 17 4
DEBUG:root:Order:11 17 2
DEBUG:root:Order:11 0 2
DEBUG:root:Order:11 8 2
DEBUG:root:Order:11 19 2
DEBUG:root:Order:11 4 1
DEBUG:root:Order:11 9 1
DEBUG:root:Finish turn

DEBUG:root:Order:5 8 7
DEBUG:root:Order:14 8 7
DEBUG:root:Order:2 8 5
DEBUG:root:Order:17 8 5
DEBUG:root:Order:15 8 4
DEBUG:root:Order:4 8 2
DEBUG:root:Order:9 8 2
DEBUG:root:Order:0 8 1
DEBUG:root:Order:19 8 1
DEBUG:root:Finish turn

DEBUG:root:Order:2 8 2
DEBUG:root:Order:5 8 2
DEBUG:root:Order:17 8 2
DEBUG:root:Order:14 8 1
DEBUG:root:Finish turn

DEBUG:root:Order:2 0 4
DEBUG:root:Order:5 0 4
DEBUG:root:Order:17 0 4
DEBUG:root:Order:14 0 3
DEBUG:root:Order:11 0 2
DEBUG:root:Order:15 0 2
DEBUG:root:Order:15 8 1
DEBUG:root:Order:15 19 1
DEBUG:root:Finish turn

DEBUG:root:Order:2 4 10
DEBUG:root:Order:5 4 10
DEBUG:root:Order:17 4 10
DEBUG:root:Order:11 4 9
DEBUG:root:Order:14 4 9
DEBUG:root:Order:9 4 7
DEBUG:root:Order:15 4 6
DEBUG:root:Bad order:0 1.0 5
DEBUG:root:Order:8 4 5
DEBUG:root:Order:19 4 5
DEBUG:root:Finish turn

DEBUG:root:Order:2 4 3
DEBUG:root:Order:5 4 3
DEBUG:root:Order:17 4 3
DEBUG:root:Order:11 4 1
DEBUG:root:Order:11 0 2
DEBUG:root:Order:14 0 2
DEBUG:root:Order:15 0 1
DEBUG:root:Finish turn

DEBUG:root:Order:2 9 9
DEBUG:root:Order:5 9 9
DEBUG:root:Order:17 9 9
DEBUG:root:Order:14 9 8
DEBUG:root:Order:11 9 7
DEBUG:root:Order:15 9 7
DEBUG:root:Order:4 9 5
DEBUG:root:Order:8 9 4
DEBUG:root:Order:19 9 4
DEBUG:root:Finish turn

DEBUG:root:Order:2 0 1
DEBUG:root:Order:2 8 1
DEBUG:root:Order:2 9 1
DEBUG:root:Order:2 19 1
DEBUG:root:Order:2 4 2
DEBUG:root:Order:5 4 2
DEBUG:root:Order:17 4 2
DEBUG:root:Order:11 4 1
DEBUG:root:Order:14 4 1
DEBUG:root:Finish turn

DEBUG:root:Order:4 0 2
DEBUG:root:Order:4 8 2
DEBUG:root:Order:4 19 2
DEBUG:root:Order:4 2 1
DEBUG:root:Order:4 9 1
DEBUG:root:Finish turn

DEBUG:root:Order:5 0 2
DEBUG:root:Order:5 4 2
DEBUG:root:Order:5 8 2
DEBUG:root:Order:5 19 2
DEBUG:root:Order:5 9 1
DEBUG:root:Finish turn

DEBUG:root:Order:17 0 2
DEBUG:root:Order:17 5 2
DEBUG:root:Order:17 8 2
DEBUG:root:Order:17 19 2
DEBUG:root:Order:17 4 1
DEBUG:root:Order:17 9 1
DEBUG:root:Finish turn

DEBUG:root:Order:2 5 17
DEBUG:root:Order:11 5 16
DEBUG:root:Order:14 5 16
DEBUG:root:Order:15 5 12
DEBUG:root:Order:4 5 10
DEBUG:root:Order:9 5 10
DEBUG:root:Order:17 5 10
DEBUG:root:Order:0 5 9
DEBUG:root:Order:8 5 9
DEBUG:root:Order:19 5 9
DEBUG:root:Finish turn

DEBUG:root:Order:2 17 15
DEBUG:root:Order:11 17 14
DEBUG:root:Order:14 17 14
DEBUG:root:Order:15 17 13
DEBUG:root:Order:4 17 12
DEBUG:root:Order:9 17 12
DEBUG:root:Order:0 17 11
DEBUG:root:Order:8 17 11
DEBUG:root:Order:19 17 11
DEBUG:root:Order:5 17 7
DEBUG:root:Finish turn

DEBUG:root:Order:2 19 8
DEBUG:root:Order:5 19 8
DEBUG:root:Order:17 19 8
DEBUG:root:Order:11 19 7
DEBUG:root:Order:14 19 7
DEBUG:root:Order:15 19 6
DEBUG:root:Order:4 19 5
DEBUG:root:Order:9 19 5
DEBUG:root:Order:0 19 4
DEBUG:root:Order:8 19 4
DEBUG:root:Finish turn

DEBUG:root:Order:2 15 8
DEBUG:root:Order:5 15 8
DEBUG:root:Order:17 15 8
DEBUG:root:Order:11 15 7
DEBUG:root:Order:14 15 7
DEBUG:root:Order:4 15 5
DEBUG:root:Order:9 15 5
DEBUG:root:Order:0 15 4
DEBUG:root:Order:8 15 4
DEBUG:root:Finish turn

DEBUG:root:Order:2 15 2
DEBUG:root:Order:5 15 2
DEBUG:root:Order:17 15 2
DEBUG:root:Order:11 15 1
DEBUG:root:Order:14 15 1
DEBUG:root:Order:14 0 1
DEBUG:root:Order:14 8 1
DEBUG:root:Order:14 19 1
DEBUG:root:Order:14 4 1
DEBUG:root:Finish turn

DEBUG:root:Order:2 0 2
DEBUG:root:Order:2 8 2
DEBUG:root:Order:2 14 2
DEBUG:root:Order:2 19 2
DEBUG:root:Order:2 9 1
DEBUG:root:Order:2 4 2
DEBUG:root:Order:5 4 2
DEBUG:root:Order:17 4 2
DEBUG:root:Order:11 4 1
DEBUG:root:Finish turn

DEBUG:root:Order:4 0 9
DEBUG:root:Order:5 0 6
DEBUG:root:Order:17 0 6
DEBUG:root:Order:11 0 5
DEBUG:root:Order:14 0 4
DEBUG:root:Order:15 0 3
DEBUG:root:Order:9 0 2
DEBUG:root:Order:8 0 1
DEBUG:root:Order:19 0 1
DEBUG:root:Finish turn

DEBUG:root:Order:5 0 2
DEBUG:root:Order:17 0 1
DEBUG:root:Order:17 8 1
DEBUG:root:Order:17 19 1
DEBUG:root:Order:17 2 2
DEBUG:root:Order:11 2 1
DEBUG:root:Order:14 2 1
DEBUG:root:Finish turn

DEBUG:root:Order:2 9 11
DEBUG:root:Order:5 9 8
DEBUG:root:Order:11 9 7
DEBUG:root:Order:14 9 7
DEBUG:root:Order:15 9 6
DEBUG:root:Order:17 9 5
DEBUG:root:Order:4 9 4
DEBUG:root:Order:0 9 3
DEBUG:root:Order:8 9 3
DEBUG:root:Order:19 9 3
DEBUG:root:Finish turn

DEBUG:root:Order:2 9 2
DEBUG:root:Order:5 9 2
DEBUG:root:Order:17 9 2
DEBUG:root:Order:11 9 1
DEBUG:root:Order:11 0 1
DEBUG:root:Order:11 8 1
DEBUG:root:Order:11 19 1
DEBUG:root:Order:11 4 1
DEBUG:root:Order:14 4 1
DEBUG:root:Finish turn

DEBUG:root:Order:2 0 2
DEBUG:root:Order:2 8 2
DEBUG:root:Order:2 11 2
DEBUG:root:Order:2 19 2
DEBUG:root:Order:2 9 1
DEBUG:root:Finish turn

DEBUG:root:Order:5 15 11
DEBUG:root:Order:17 15 11
DEBUG:root:Order:14 15 9
DEBUG:root:Order:11 15 7
DEBUG:root:Order:4 15 6
DEBUG:root:Order:9 15 5
DEBUG:root:Order:0 15 4
DEBUG:root:Order:8 15 4
DEBUG:root:Order:19 15 4
DEBUG:root:Order:2 15 2
DEBUG:root:Finish turn

DEBUG:root:Order:2 8 8
DEBUG:root:Order:5 8 8
DEBUG:root:Order:17 8 8
DEBUG:root:Order:11 8 7
DEBUG:root:Order:14 8 7
DEBUG:root:Order:4 8 5
DEBUG:root:Order:9 8 5
DEBUG:root:Order:0 8 4
DEBUG:root:Order:19 8 3
DEBUG:root:Order:19 15 1
DEBUG:root:Finish turn

DEBUG:root:Order:2 4 10
DEBUG:root:Order:5 4 10
DEBUG:root:Order:17 4 10
DEBUG:root:Order:11 4 9
DEBUG:root:Order:14 4 9
DEBUG:root:Order:15 4 8
DEBUG:root:Order:9 4 7
DEBUG:root:Order:0 4 6
DEBUG:root:Order:8 4 6
DEBUG:root:Order:19 4 6
DEBUG:root:Finish turn

DEBUG:root:Order:2 4 2
DEBUG:root:Order:2 0 1
DEBUG:root:Order:2 8 1
DEBUG:root:Order:2 19 1
DEBUG:root:Order:2 9 2
DEBUG:root:Order:5 9 2
DEBUG:root:Order:17 9 2
DEBUG:root:Order:11 9 1
DEBUG:root:Order:14 9 1
DEBUG:root:Finish turn

DEBUG:root:Order:9 0 2
DEBUG:root:Order:9 2 2
DEBUG:root:Order:9 8 2
DEBUG:root:Order:9 19 2
DEBUG:root:Order:9 4 1
DEBUG:root:Finish turn

DEBUG:root:Order:5 9 3
DEBUG:root:Order:5 0 2
DEBUG:root:Order:5 8 2
DEBUG:root:Order:5 19 2
DEBUG:root:Order:5 4 1
DEBUG:root:Finish turn

DEBUG:root:Order:17 5 3
DEBUG:root:Order:17 0 2
DEBUG:root:Order:17 8 2
DEBUG:root:Order:17 19 2
DEBUG:root:Order:17 4 1
DEBUG:root:Order:17 9 1
DEBUG:root:Finish turn

DEBUG:root:Order:2 0 2
DEBUG:root:Order:2 8 2
DEBUG:root:Order:2 17 2
DEBUG:root:Order:2 19 2
DEBUG:root:Order:2 4 1
DEBUG:root:Order:2 9 1
DEBUG:root:Finish turn

DEBUG:root:Order:11 17 13
DEBUG:root:Order:14 17 13
DEBUG:root:Order:5 17 11
DEBUG:root:Order:15 17 8
DEBUG:root:Order:4 17 6
DEBUG:root:Order:9 17 6
DEBUG:root:Order:0 17 5
DEBUG:root:Order:2 17 5
DEBUG:root:Order:8 17 5
DEBUG:root:Order:19 17 5
DEBUG:root:Finish turn

DEBUG:root:Order:2 0 1
DEBUG:root:Order:2 8 1
DEBUG:root:Order:2 19 1
DEBUG:root:Order:2 4 2
DEBUG:root:Order:5 4 2
DEBUG:root:Order:11 4 1
DEBUG:root:Order:14 4 1
DEBUG:root:Finish turn

DEBUG:root:Order:4 0 7
DEBUG:root:Order:5 0 5
DEBUG:root:Order:11 0 4
DEBUG:root:Order:14 0 4
DEBUG:root:Order:17 0 4
DEBUG:root:Order:15 0 3
DEBUG:root:Order:2 0 2
DEBUG:root:Order:9 0 1
DEBUG:root:Finish turn

DEBUG:root:Order:5 2 12
DEBUG:root:Order:17 2 12
DEBUG:root:Order:11 2 11
DEBUG:root:Order:14 2 11
DEBUG:root:Order:15 2 10
DEBUG:root:Order:4 2 9
DEBUG:root:Order:9 2 9
DEBUG:root:Order:8 2 8
DEBUG:root:Order:19 2 8
DEBUG:root:Order:0 2 5
DEBUG:root:Finish turn

DEBUG:root:Order:5 19 8
DEBUG:root:Order:17 19 8
DEBUG:root:Order:11 19 7
DEBUG:root:Order:14 19 7
DEBUG:root:Order:15 19 6
DEBUG:root:Order:2 19 5
DEBUG:root:Order:4 19 5
DEBUG:root:Order:9 19 5
DEBUG:root:Order:0 19 4
DEBUG:root:Order:8 19 4
DEBUG:root:Finish turn

DEBUG:root:Order:2 0 3
DEBUG:root:Order:5 0 3
DEBUG:root:Order:17 0 3
DEBUG:root:Order:11 0 2
DEBUG:root:Order:11 19 2
DEBUG:root:Order:11 8 1
DEBUG:root:Finish turn

DEBUG:root:Order:14 8 2
DEBUG:root:Order:14 11 2
DEBUG:root:Order:14 19 2
DEBUG:root:Order:14 4 1
DEBUG:root:Order:14 9 1
DEBUG:root:Finish turn

DEBUG:root:Order:2 9 14
DEBUG:root:Order:5 9 14
DEBUG:root:Order:11 9 11
DEBUG:root:Order:15 9 11
DEBUG:root:Order:4 9 9
DEBUG:root:Order:8 9 8
DEBUG:root:Order:19 9 8
DEBUG:root:Order:14 9 6
DEBUG:root:Finish turn

DEBUG:root:Order:2 14 16
DEBUG:root:Order:5 14 16
DEBUG:root:Order:11 14 15
DEBUG:root:Order:15 14 14
DEBUG:root:Order:4 14 13
DEBUG:root:Order:9 14 13
DEBUG:root:Order:8 14 12
DEBUG:root:Order:19 14 12
DEBUG:root:Finish turn

DEBUG:root:Bad order:0 4.0 21
DEBUG:root:Order:2 5 13
DEBUG:root:Order:11 5 12
DEBUG:root:Order:15 5 11
DEBUG:root:Order:4 5 10
DEBUG:root:Order:9 5 10
DEBUG:root:Order:14 5 10
DEBUG:root:Order:8 5 9
DEBUG:root:Order:19 5 9
DEBUG:root:Finish turn

DEBUG:root:Bad order:0 5.0 12
DEBUG:root:Order:2 5 3
DEBUG:root:Order:11 5 2
DEBUG:root:Order:14 5 2
DEBUG:root:Order:15 5 1
DEBUG:root:Finish turn

DEBUG:root:Bad order:0 6.0 20
DEBUG:root:Bad order:17 13.0 18
DEBUG:root:Order:2 11 12
DEBUG:root:Order:14 11 11
DEBUG:root:Order:15 11 10
DEBUG:root:Order:4 11 9
DEBUG:root:Order:9 11 9
DEBUG:root:Order:8 11 7
DEBUG:root:Order:19 11 7
DEBUG:root:Finish turn

DEBUG:root:Bad order:17 20.0 22
DEBUG:root:Bad order:0 1.0 20
DEBUG:root:Order:2 11 4
DEBUG:root:Order:14 11 3
DEBUG:root:Order:15 11 2
DEBUG:root:Order:4 11 1
DEBUG:root:Order:9 11 1
DEBUG:root:Finish turn

DEBUG:root:Order:17 8 25
DEBUG:root:Order:0 8 1
DEBUG:root:Bad order:0 6.0 7
DEBUG:root:Order:2 11 3
DEBUG:root:Order:5 11 2
DEBUG:root:Order:14 11 2
DEBUG:root:Order:15 11 1
DEBUG:root:Finish turn

DEBUG:root:Bad order:0 12.0 13
DEBUG:root:Bad order:2 4.0 11
DEBUG:root:Order:5 17 11
DEBUG:root:Order:14 17 10
DEBUG:root:Order:15 17 9
DEBUG:root:Order:4 17 8
DEBUG:root:Order:9 17 8
DEBUG:root:Order:8 17 6
DEBUG:root:Order:19 17 6
DEBUG:root:Order:11 17 1
DEBUG:root:Finish turn

DEBUG:root:Order:0 2 20
DEBUG:root:Order:5 2 11
DEBUG:root:Order:11 2 10
DEBUG:root:Order:14 2 10
DEBUG:root:Order:15 2 9
DEBUG:root:Order:4 2 8
DEBUG:root:Order:9 2 8
DEBUG:root:Order:8 2 1
DEBUG:root:Order:8 17 7
DEBUG:root:Order:19 17 7
DEBUG:root:Finish turn

DEBUG:root:Order:5 15 9
DEBUG:root:Order:2 15 8
DEBUG:root:Order:11 15 8
DEBUG:root:Order:14 15 8
DEBUG:root:Order:17 15 8
DEBUG:root:Order:4 15 6
DEBUG:root:Order:9 15 6
DEBUG:root:Bad order:0 4.0 5
DEBUG:root:Order:19 15 5
DEBUG:root:Bad order:8 2.0 4
DEBUG:root:Finish turn

DEBUG:root:Order:0 15 3
DEBUG:root:Order:2 15 2
DEBUG:root:Order:5 15 2
DEBUG:root:Order:8 15 2
DEBUG:root:Bad order:8 1.0 2
DEBUG:root:Order:8 4 1
DEBUG:root:Bad order:8 0.0 1
DEBUG:root:Finish turn

DEBUG:root:Order:17 4 7
DEBUG:root:Order:2 4 5
DEBUG:root:Order:5 4 5
DEBUG:root:Order:11 4 5
DEBUG:root:Order:14 4 5
DEBUG:root:Order:15 4 3
DEBUG:root:Order:0 4 1
DEBUG:root:Order:0 19 1
DEBUG:root:Finish turn

DEBUG:root:Order:2 0 2
DEBUG:root:Order:5 0 1
DEBUG:root:Order:5 8 2
DEBUG:root:Order:5 19 2
DEBUG:root:Order:5 4 1
DEBUG:root:Finish turn

DEBUG:root:Order:17 0 2
DEBUG:root:Order:17 5 2
DEBUG:root:Order:17 8 2
DEBUG:root:Order:17 19 2
DEBUG:root:Order:17 4 1
DEBUG:root:Order:17 9 1
DEBUG:root:Finish turn

DEBUG:root:Order:2 17 4
DEBUG:root:Order:2 0 2
DEBUG:root:Order:2 8 2
DEBUG:root:Order:2 19 2
DEBUG:root:Order:2 4 1
DEBUG:root:Order:2 9 1
DEBUG:root:Finish turn

DEBUG:root:Order:5 2 4
DEBUG:root:Order:11 2 2
DEBUG:root:Order:11 0 2
DEBUG:root:Order:11 8 2
DEBUG:root:Order:11 19 2
DEBUG:root:Order:11 4 1
DEBUG:root:Order:11 9 1
DEBUG:root:Finish turn

DEBUG:root:Order:14 0 7
DEBUG:root:Order:17 0 6
DEBUG:root:Order:2 0 4
DEBUG:root:Order:5 0 4
DEBUG:root:Order:15 0 1
DEBUG:root:Order:15 11 2
DEBUG:root:Finish turn

DEBUG:root:Order:2 0 2
DEBUG:root:Order:2 8 1
DEBUG:root:Order:2 19 1
DEBUG:root:Order:2 15 2
DEBUG:root:Order:5 15 2
DEBUG:root:Order:17 15 2
DEBUG:root:Order:14 15 1
DEBUG:root:Finish turn

DEBUG:root:Order:15 8 8
DEBUG:root:Order:5 8 4
DEBUG:root:Order:17 8 4
DEBUG:root:Order:11 8 3
DEBUG:root:Order:14 8 3
DEBUG:root:Order:4 8 1
DEBUG:root:Order:9 8 1
DEBUG:root:Finish turn

DEBUG:root:Order:2 19 5
DEBUG:root:Order:5 19 5
DEBUG:root:Order:17 19 5
DEBUG:root:Order:11 19 4
DEBUG:root:Order:14 19 4
DEBUG:root:Order:15 19 3
DEBUG:root:Order:4 19 2
DEBUG:root:Order:9 19 2
DEBUG:root:Finish turn

DEBUG:root:Order:2 17 9
DEBUG:root:Order:5 17 9
DEBUG:root:Order:11 17 8
DEBUG:root:Order:14 17 8
DEBUG:root:Order:15 17 7
DEBUG:root:Order:4 17 6
DEBUG:root:Order:9 17 6
DEBUG:root:Order:0 17 5
DEBUG:root:Order:8 17 4
DEBUG:root:Finish turn

DEBUG:root:Order:2 17 2
DEBUG:root:Order:5 17 2
DEBUG:root:Order:11 17 1
DEBUG:root:Order:14 17 1
DEBUG:root:Finish turn

DEBUG:root:Order:2 5 12
DEBUG:root:Order:11 5 11
DEBUG:root:Order:14 5 11
DEBUG:root:Order:15 5 10
DEBUG:root:Order:17 5 10
DEBUG:root:Order:4 5 8
DEBUG:root:Order:9 5 8
DEBUG:root:Order:0 5 6
DEBUG:root:Order:8 5 6
DEBUG:root:Order:19 5 6
DEBUG:root:Finish turn

DEBUG:root:Order:2 14 7
DEBUG:root:Order:17 14 7
DEBUG:root:Order:11 14 6
DEBUG:root:Order:15 14 5
DEBUG:root:Order:4 14 4
DEBUG:root:Order:9 14 4
DEBUG:root:Order:0 14 3
DEBUG:root:Order:8 14 3
DEBUG:root:Order:19 14 3
DEBUG:root:Order:5 14 2
DEBUG:root:Finish turn

DEBUG:root:Order:2 9 8
DEBUG:root:Order:5 9 8
DEBUG:root:Order:17 9 8
DEBUG:root:Order:11 9 7
DEBUG:root:Order:15 9 6
DEBUG:root:Order:4 9 5
DEBUG:root:Order:0 9 4
DEBUG:root:Order:8 9 4
DEBUG:root:Order:19 9 4
DEBUG:root:Order:14 9 1
DEBUG:root:Finish turn

DEBUG:root:Order:2 9 2
DEBUG:root:Order:5 9 2
DEBUG:root:Order:5 0 1
DEBUG:root:Order:5 8 1
DEBUG:root:Order:5 19 1
DEBUG:root:Order:5 4 2
DEBUG:root:Order:17 4 2
DEBUG:root:Order:11 4 1
DEBUG:root:Order:14 4 1
DEBUG:root:Finish turn

DEBUG:root:Order:2 4 8
DEBUG:root:Order:17 4 8
DEBUG:root:Order:11 4 7
DEBUG:root:Order:14 4 7
DEBUG:root:Order:15 4 6
DEBUG:root:Order:9 4 4
DEBUG:root:Order:0 4 3
DEBUG:root:Order:5 4 3
DEBUG:root:Order:8 4 3
DEBUG:root:Order:19 4 3
DEBUG:root:Finish turn

DEBUG:root:Order:2 11 6
DEBUG:root:Order:5 11 6
DEBUG:root:Order:17 11 6
DEBUG:root:Order:14 11 5
DEBUG:root:Order:15 11 4
DEBUG:root:Order:4 11 3
DEBUG:root:Order:9 11 3
DEBUG:root:Order:0 11 2
DEBUG:root:Order:8 11 2
DEBUG:root:Order:19 11 2
DEBUG:root:Finish turn

DEBUG:root:Order:2 11 2
DEBUG:root:Order:5 11 2
DEBUG:root:Order:17 11 1
DEBUG:root:Order:17 0 1
DEBUG:root:Order:17 8 1
DEBUG:root:Order:17 19 1
DEBUG:root:Order:17 4 2
DEBUG:root:Order:14 4 1
DEBUG:root:Finish turn

DEBUG:root:Order:2 15 8
DEBUG:root:Order:5 15 8
DEBUG:root:Order:4 15 7
DEBUG:root:Order:14 15 7
DEBUG:root:Order:11 15 6
DEBUG:root:Order:9 15 4
DEBUG:root:Order:17 15 4
DEBUG:root:Order:8 15 3
DEBUG:root:Order:19 15 3
DEBUG:root:Finish turn

DEBUG:root:Order:2 15 2
DEBUG:root:Order:5 15 2
DEBUG:root:Order:17 15 2
DEBUG:root:Order:17 8 1
DEBUG:root:Order:17 19 1
DEBUG:root:Order:17 0 2
DEBUG:root:Order:11 0 1
DEBUG:root:Finish turn

DEBUG:root:Order:2 0 4
DEBUG:root:Order:5 0 4
DEBUG:root:Order:11 0 3
DEBUG:root:Order:11 8 3
DEBUG:root:Order:15 8 1
DEBUG:root:Finish turn

DEBUG:root:Order:2 0 2
DEBUG:root:Order:2 19 2
DEBUG:root:Order:2 11 1
DEBUG:root:Order:2 4 2
DEBUG:root:Order:5 4 2
DEBUG:root:Order:17 4 2
DEBUG:root:Order:8 4 1
DEBUG:root:Finish turn

DEBUG:root:Order:4 8 6
DEBUG:root:Order:5 8 3
DEBUG:root:Order:17 8 3
DEBUG:root:Order:11 8 1
DEBUG:root:Order:15 8 1
DEBUG:root:Order:15 0 1
DEBUG:root:Order:15 2 1
DEBUG:root:Order:15 19 1
DEBUG:root:Order:15 9 1
DEBUG:root:Finish turn

DEBUG:root:Order:5 17 5
DEBUG:root:Order:2 17 4
DEBUG:root:Order:11 17 4
DEBUG:root:Order:4 17 2
DEBUG:root:Order:9 17 1
DEBUG:root:Order:9 15 1
DEBUG:root:Finish turn

DEBUG:root:Order:2 0 1
DEBUG:root:Order:2 8 1
DEBUG:root:Order:2 19 1
DEBUG:root:Order:2 4 2
DEBUG:root:Order:5 4 2
DEBUG:root:Order:17 4 2
DEBUG:root:Order:11 4 1
DEBUG:root:Finish turn

DEBUG:root:Order:4 11 15
DEBUG:root:Order:5 11 12
DEBUG:root:Bad order:17 7.0 12
DEBUG:root:Order:15 11 10
DEBUG:root:Order:2 11 9
DEBUG:root:Order:9 11 8
DEBUG:root:Order:0 11 7
DEBUG:root:Order:8 11 7
DEBUG:root:Order:19 11 7
DEBUG:root:Finish turn

DEBUG:root:Order:2 17 10
DEBUG:root:Order:5 17 10
DEBUG:root:Order:15 17 8
DEBUG:root:Order:4 17 7
DEBUG:root:Order:9 17 7
DEBUG:root:Order:0 17 6
DEBUG:root:Order:8 17 2
DEBUG:root:Bad order:8 4.0 6
DEBUG:root:Order:19 11 6
DEBUG:root:Finish turn

DEBUG:root:Bad order:5 11.0 13
DEBUG:root:Bad order:8 6.0 13
DEBUG:root:Order:17 2 12
DEBUG:root:Order:15 2 11
DEBUG:root:Order:4 2 10
DEBUG:root:Order:9 2 10
DEBUG:root:Bad order:0 4.0 9
DEBUG:root:Order:19 2 9
DEBUG:root:Order:11 2 6
DEBUG:root:Finish turn

DEBUG:root:Bad order:8 10.0 21
DEBUG:root:Bad order:0 5.0 17
DEBUG:root:Order:17 5 12
DEBUG:root:Order:11 5 11
DEBUG:root:Order:15 5 10
DEBUG:root:Order:4 5 9
DEBUG:root:Order:9 5 9
DEBUG:root:Order:19 5 8
DEBUG:root:Finish turn

DEBUG:root:Bad order:8 13.0 19
DEBUG:root:Bad order:0 7.0 15
DEBUG:root:Order:17 2 2
DEBUG:root:Order:11 2 1
DEBUG:root:Finish turn

DEBUG:root:Bad order:8 15.0 17
DEBUG:root:Bad order:0 8.0 13
DEBUG:root:Order:17 2 2
DEBUG:root:Order:11 2 1
DEBUG:root:Finish turn

DEBUG:root:Order:8 2 14
DEBUG:root:Bad order:8 2.0 5
DEBUG:root:Order:8 4 1
DEBUG:root:Order:8 9 1
DEBUG:root:Finish turn

DEBUG:root:Order:17 5 4
DEBUG:root:Order:17 4 2
DEBUG:root:Order:17 9 2
DEBUG:root:Finish turn

DEBUG:root:Order:11 4 2
DEBUG:root:Order:11 9 2
DEBUG:root:Order:11 17 2
DEBUG:root:Finish turn

DEBUG:root:Order:2 11 2
DEBUG:root:Order:2 0 1
DEBUG:root:Order:2 4 1
DEBUG:root:Order:2 9 1
DEBUG:root:Order:2 15 3
DEBUG:root:Order:5 15 2
DEBUG:root:Order:17 15 1
DEBUG:root:Finish turn

DEBUG:root:Order:15 0 7
DEBUG:root:Order:5 0 4
DEBUG:root:Order:17 0 4
DEBUG:root:Order:11 0 1
DEBUG:root:Order:11 2 2
DEBUG:root:Finish turn

DEBUG:root:Order:2 15 12
DEBUG:root:Order:5 15 11
DEBUG:root:Order:17 15 11
DEBUG:root:Order:11 15 9
DEBUG:root:Order:4 15 8
DEBUG:root:Order:9 15 8
DEBUG:root:Order:0 15 6
DEBUG:root:Finish turn

DEBUG:root:Order:2 15 2
DEBUG:root:Order:5 15 1
DEBUG:root:Order:5 0 1
DEBUG:root:Order:5 4 2
DEBUG:root:Order:17 4 2
DEBUG:root:Order:11 4 1
DEBUG:root:Finish turn

DEBUG:root:Order:4 0 3
DEBUG:root:Order:4 9 2
DEBUG:root:Order:4 15 1
DEBUG:root:Finish turn

DEBUG:root:Order:2 9 11
DEBUG:root:Order:5 9 9
DEBUG:root:Order:11 9 9
DEBUG:root:Order:15 9 7
DEBUG:root:Order:0 9 5
DEBUG:root:Order:4 9 3
DEBUG:root:Finish turn

DEBUG:root:Order:2 17 3
DEBUG:root:Order:5 17 3
DEBUG:root:Order:5 9 2
DEBUG:root:Order:5 0 1
DEBUG:root:Finish turn

DEBUG:root:Order:11 4 5
DEBUG:root:Order:2 4 4
DEBUG:root:Order:17 4 4
DEBUG:root:Order:15 4 3
DEBUG:root:Order:5 4 1
DEBUG:root:Order:9 4 1
DEBUG:root:Finish turn

DEBUG:root:Order:2 17 10
DEBUG:root:Order:5 17 10
DEBUG:root:Order:11 17 9
DEBUG:root:Order:15 17 8
DEBUG:root:Order:9 17 7
DEBUG:root:Order:0 17 6
DEBUG:root:Order:4 17 2
DEBUG:root:Finish turn

DEBUG:root:Order:2 0 1
DEBUG:root:Order:5 0 1
DEBUG:root:Order:5 4 1
DEBUG:root:Order:5 9 1
DEBUG:root:Order:5 15 1
DEBUG:root:Order:17 15 1
DEBUG:root:Finish turn

DEBUG:root:Order:2 0 2
DEBUG:root:Order:2 4 1
DEBUG:root:Order:2 9 1
DEBUG:root:Order:2 5 2
DEBUG:root:Order:17 5 2
DEBUG:root:Order:11 5 1
DEBUG:root:Order:15 5 1
DEBUG:root:Finish turn

DEBUG:root:Order:5 0 3
DEBUG:root:Order:5 2 2
DEBUG:root:Order:5 4 2
DEBUG:root:Order:5 9 2
DEBUG:root:Bad order:5 3.0 6
DEBUG:root:Order:17 15 1
DEBUG:root:Finish turn

DEBUG:root:Order:17 0 2
DEBUG:root:Order:17 4 1
DEBUG:root:Order:17 9 1
DEBUG:root:Order:17 5 2
DEBUG:root:Order:2 5 1
DEBUG:root:Order:11 5 1
DEBUG:root:Finish turn

DEBUG:root:Order:5 0 2
DEBUG:root:Order:5 4 1
DEBUG:root:Order:5 9 1
DEBUG:root:Order:5 17 1
DEBUG:root:Finish turn

DEBUG:root:Order:2 0 3
DEBUG:root:Order:2 4 2
DEBUG:root:Order:2 9 2
DEBUG:root:Order:2 15 3
DEBUG:root:Order:5 15 1
DEBUG:root:Order:11 15 1
DEBUG:root:Finish turn

DEBUG:root:Order:15 0 6
DEBUG:root:Order:5 0 4
DEBUG:root:Order:17 0 4
DEBUG:root:Order:11 0 3
DEBUG:root:Finish turn

DEBUG:root:Order:5 0 2
DEBUG:root:Order:17 0 2
DEBUG:root:Order:17 2 2
DEBUG:root:Order:11 2 1
DEBUG:root:Finish turn

DEBUG:root:Order:2 0 3
DEBUG:root:Order:2 4 2
DEBUG:root:Order:2 9 2
DEBUG:root:Finish turn

DEBUG:root:Order:5 4 14
DEBUG:root:Order:11 4 12
DEBUG:root:Order:15 4 10
DEBUG:root:Order:2 4 9
DEBUG:root:Order:9 4 9
DEBUG:root:Order:0 4 8
DEBUG:root:Finish turn

DEBUG:root:Order:17 4 5
DEBUG:root:Order:17 0 2
DEBUG:root:Order:17 9 1
DEBUG:root:Bad order:17 4.0 6
DEBUG:root:Order:2 15 1
DEBUG:root:Order:5 15 1
DEBUG:root:Finish turn

DEBUG:root:Order:2 17 13
DEBUG:root:Order:5 17 13
DEBUG:root:Order:11 17 12
DEBUG:root:Order:15 17 12
DEBUG:root:Order:4 17 9
DEBUG:root:Order:9 17 9
DEBUG:root:Order:0 17 8
DEBUG:root:Finish turn

DEBUG:root:Order:2 0 1
DEBUG:root:Order:5 0 1
DEBUG:root:Order:5 4 1
DEBUG:root:Order:5 9 1
DEBUG:root:Order:5 15 1
DEBUG:root:Finish turn

DEBUG:root:Order:2 0 2
DEBUG:root:Order:2 4 1
DEBUG:root:Order:2 9 1
DEBUG:root:Order:2 5 2
DEBUG:root:Order:17 5 2
DEBUG:root:Order:11 5 1
DEBUG:root:Finish turn

DEBUG:root:Order:5 0 3
DEBUG:root:Order:5 2 2
DEBUG:root:Order:5 4 2
DEBUG:root:Order:5 9 2
DEBUG:root:Finish turn

DEBUG:root:Order:17 2 24
DEBUG:root:Order:11 2 22
DEBUG:root:Order:15 2 20
DEBUG:root:Order:4 2 19
DEBUG:root:Order:5 2 19
DEBUG:root:Order:9 2 19
DEBUG:root:Order:0 2 18
DEBUG:root:Finish turn

DEBUG:root:Order:17 5 16
DEBUG:root:Order:11 5 15
DEBUG:root:Order:15 5 14
DEBUG:root:Order:4 5 13
DEBUG:root:Order:9 5 13
DEBUG:root:Bad order:0 2.0 12
DEBUG:root:Order:2 5 10
DEBUG:root:Finish turn

DEBUG:root:Bad order:0 12.0 15
DEBUG:root:Order:2 15 7
DEBUG:root:Order:17 15 7
DEBUG:root:Order:11 15 6
DEBUG:root:Order:4 15 4
DEBUG:root:Order:9 15 4
DEBUG:root:Finish turn

DEBUG:root:Bad order:0 16.0 20
DEBUG:root:Order:2 11 9
DEBUG:root:Order:17 11 9
DEBUG:root:Order:4 11 6
DEBUG:root:Order:9 11 6
DEBUG:root:Finish turn

DEBUG:root:Bad order:0 3.0 18
DEBUG:root:Order:2 11 2
DEBUG:root:Order:5 11 2
DEBUG:root:Order:17 11 2
DEBUG:root:Finish turn

DEBUG:root:Bad order:0 4.0 6
DEBUG:root:Order:2 11 3
DEBUG:root:Order:5 11 3
DEBUG:root:Order:17 11 3
DEBUG:root:Order:15 11 1
DEBUG:root:Finish turn

DEBUG:root:Order:0 11 3
DEBUG:root:Order:2 11 1
DEBUG:root:Order:5 11 1
DEBUG:root:Order:17 11 1
DEBUG:root:Finish turn

DEBUG:root:Order:2 4 2
DEBUG:root:Order:5 4 1
DEBUG:root:Order:5 0 1
DEBUG:root:Order:5 11 2
DEBUG:root:Order:17 11 2
DEBUG:root:Finish turn

DEBUG:root:Order:11 0 3
DEBUG:root:Order:11 4 2
DEBUG:root:Order:11 15 1
DEBUG:root:Order:11 5 3
DEBUG:root:Order:2 5 1
DEBUG:root:Order:17 5 1
DEBUG:root:Finish turn

DEBUG:root:Order:5 11 4
DEBUG:root:Order:5 0 2
DEBUG:root:Order:5 4 1
DEBUG:root:Order:5 15 6
DEBUG:root:Order:2 15 2
DEBUG:root:Order:17 15 2
DEBUG:root:Finish turn

DEBUG:root:Order:2 15 7
DEBUG:root:Order:17 15 7
DEBUG:root:Order:11 15 5
DEBUG:root:Order:4 15 3
DEBUG:root:Order:0 15 2
DEBUG:root:Finish turn

DEBUG:root:Order:2 17 10
DEBUG:root:Order:5 17 10
DEBUG:root:Order:11 17 9
DEBUG:root:Order:4 17 7
DEBUG:root:Bad order:0 4.0 6
DEBUG:root:Order:15 17 6
DEBUG:root:Finish turn

DEBUG:root:Order:2 0 4
DEBUG:root:Order:5 0 4
DEBUG:root:Order:11 0 1
DEBUG:root:Order:11 17 3
DEBUG:root:Order:15 17 2
DEBUG:root:Order:4 17 1
DEBUG:root:Finish turn

DEBUG:root:Order:2 0 1
DEBUG:root:Order:5 0 1
DEBUG:root:Finish turn

DEBUG:root:Order:2 0 2
DEBUG:root:Order:5 0 1
DEBUG:root:Order:5 4 2
DEBUG:root:Order:5 15 2
DEBUG:root:Order:17 15 2
DEBUG:root:Finish turn

DEBUG:root:Order:15 0 2
DEBUG:root:Order:2 0 1
DEBUG:root:Order:2 4 1
DEBUG:root:Order:17 4 1
DEBUG:root:Order:17 5 1
DEBUG:root:Finish turn

DEBUG:root:Order:2 0 1
DEBUG:root:Order:5 0 1
DEBUG:root:Order:5 4 1
DEBUG:root:Finish turn

DEBUG:root:Order:17 11 19
DEBUG:root:Order:2 11 18
DEBUG:root:Order:5 11 17
DEBUG:root:Order:15 11 16
DEBUG:root:Order:4 11 14
DEBUG:root:Order:0 11 13
DEBUG:root:Finish turn

DEBUG:root:Order:2 4 10
DEBUG:root:Order:5 4 10
DEBUG:root:Order:15 4 8
DEBUG:root:Bad order:0 4.0 6
DEBUG:root:Order:11 4 3
DEBUG:root:Finish turn

DEBUG:root:Bad order:0 5.0 28
DEBUG:root:Order:2 5 26
DEBUG:root:Order:11 5 25
DEBUG:root:Order:15 5 24
DEBUG:root:Bad order:4 14.0 16
DEBUG:root:Finish turn

DEBUG:root:Bad order:0 9.0 25
DEBUG:root:Order:4 5 14
DEBUG:root:Order:2 5 1
DEBUG:root:Finish turn

DEBUG:root:Bad order:0 10.0 23
DEBUG:root:Order:2 5 2
DEBUG:root:Order:11 5 1
DEBUG:root:Finish turn

DEBUG:root:Order:2 5 7
DEBUG:root:Order:11 5 6
DEBUG:root:Order:4 5 3
DEBUG:root:Finish turn

DEBUG:root:Order:2 4 1
DEBUG:root:Finish turn

DEBUG:root:Order:2 4 1
DEBUG:root:Order:5 4 1
DEBUG:root:Finish turn

DEBUG:root:Order:2 4 1
DEBUG:root:Order:5 4 1
DEBUG:root:Finish turn

DEBUG:root:Bad order:0 1.0 4
DEBUG:root:Order:0 11 1
DEBUG:root:Finish turn

DEBUG:root:Order:2 0 3
DEBUG:root:Order:5 0 2
DEBUG:root:Order:5 4 3
DEBUG:root:Finish turn

DEBUG:root:Order:11 2 20
DEBUG:root:Order:5 2 17
DEBUG:root:Bad order:4 7.0 15
DEBUG:root:Bad order:0 10.0 14
DEBUG:root:Finish turn

DEBUG:root:Bad order:0 13.0 18
DEBUG:root:Order:5 2 8
DEBUG:root:Order:11 2 7
DEBUG:root:Finish turn

DEBUG:root:Order:0 4 9
DEBUG:root:Bad order:0 6.0 8
DEBUG:root:Finish turn

DEBUG:root:Order:0 2 4
DEBUG:root:Order:5 2 2
DEBUG:root:Order:5 4 1
DEBUG:root:Finish turn

DEBUG:root:Order:5 0 1
DEBUG:root:Order:11 0 1
DEBUG:root:Order:11 4 1
DEBUG:root:Finish turn

DEBUG:root:Order:2 4 1
DEBUG:root:Order:5 4 1
DEBUG:root:Finish turn

DEBUG:root:Order:2 4 1
DEBUG:root:Order:5 4 1
DEBUG:root:Finish turn

DEBUG:root:Order:2 4 1
DEBUG:root:Order:5 4 1
DEBUG:root:Finish turn

DEBUG:root:Order:2 4 1
DEBUG:root:Order:5 4 1
DEBUG:root:Finish turn

DEBUG:root:Order:2 4 1
DEBUG:root:Order:5 4 1
DEBUG:root:Finish turn

DEBUG:root:Order:2 4 1
DEBUG:root:Order:5 4 1
DEBUG:root:Finish turn

DEBUG:root:Order:2 4 15
DEBUG:root:Order:5 4 15
DEBUG:root:Order:11 4 13
DEBUG:root:Finish turn

DEBUG:root:Order:2 4 1
DEBUG:root:Order:5 4 1
DEBUG:root:Finish turn

DEBUG:root:Order:2 4 1
DEBUG:root:Order:5 4 1
DEBUG:root:Finish turn

DEBUG:root:Order:2 11 24
DEBUG:root:Order:5 11 24
DEBUG:root:Order:4 11 18
DEBUG:root:Finish turn

DEBUG:root:Order:5 2 22
DEBUG:root:Order:4 2 19
DEBUG:root:Order:11 2 19
DEBUG:root:Finish turn

DEBUG:root:Finish turn

DEBUG:root:Order:2 4 2
DEBUG:root:Order:11 4 1
DEBUG:root:Finish turn

DEBUG:root:Order:2 4 1
DEBUG:root:Finish turn

DEBUG:root:Order:2 4 1
DEBUG:root:Finish turn

DEBUG:root:Order:2 4 2
DEBUG:root:Order:11 4 1
DEBUG:root:Finish turn

DEBUG:root:Order:2 4 1
DEBUG:root:Finish turn

DEBUG:root:Order:2 4 1
DEBUG:root:Finish turn

DEBUG:root:Order:2 4 2
DEBUG:root:Order:11 4 1
DEBUG:root:Finish turn

DEBUG:root:Order:2 4 1
DEBUG:root:Finish turn

DEBUG:root:Order:2 4 1
DEBUG:root:Finish turn

DEBUG:root:Order:11 2 57
DEBUG:root:Order:4 2 53
DEBUG:root:Finish turn

DEBUG:root:Finish turn

DEBUG:root:Order:2 4 2
DEBUG:root:Order:11 4 1
DEBUG:root:Finish turn

DEBUG:root:Order:2 4 1
DEBUG:root:Finish turn

DEBUG:root:Order:2 4 2
DEBUG:root:Finish turn

DEBUG:root:Order:2 4 1
DEBUG:root:Finish turn

DEBUG:root:Finish turn

DEBUG:root:Finish turn

DEBUG:root:Finish turn

DEBUG:root:Finish turn

DEBUG:root:Finish turn

DEBUG:root:Finish turn

DEBUG:root:Finish turn

DEBUG:root:Finish turn

DEBUG:root:Finish turn

DEBUG:root:Finish turn

DEBUG:root:Finish turn

DEBUG:root:Finish turn

DEBUG:root:Finish turn

DEBUG:root:Finish turn

DEBUG:root:Finish turn

DEBUG:root:Finish turn

DEBUG:root:Finish turn

DEBUG:root:Finish turn

DEBUG:root:Finish turn

DEBUG:root:Finish turn

DEBUG:root:Finish turn

DEBUG:root:Finish turn

DEBUG:root:Finish turn

DEBUG:root:Finish turn

DEBUG:root:Finish turn

DEBUG:root:Finish turn

DEBUG:root:Finish turn

DEBUG:root:Finish turn

DEBUG:root:Finish turn

DEBUG:root:Finish turn

DEBUG:root:Finish turn

DEBUG:root:Finish turn

DEBUG:root:Finish turn

DEBUG:root:Finish turn

DEBUG:root:Finish turn

DEBUG:root:Finish turn

DEBUG:root:Finish turn

DEBUG:root:Finish turn

DEBUG:root:Finish turn

DEBUG:root:Finish turn

DEBUG:root:Finish turn

DEBUG:root:Finish turn

DEBUG:root:Finish turn

DEBUG:root:Finish turn

DEBUG:root:Finish turn

DEBUG:root:Finish turn

DEBUG:root:Finish turn

DEBUG:root:Finish turn

